# JRE version: OpenJDK Runtime Environment (21.0.5) (build 21.0.5+-13047016-b750.29)
# Java VM: OpenJDK 64-Bit Server VM (21.0.5+-13047016-b750.29, mixed mode, tiered, compressed oops, compressed class ptrs, g1 gc, windows-amd64)
GC Precious Log:
 CardTable entry size: 512
 Card Set container configuration: InlinePtr #cards 5 size 8 Array Of Cards #cards 12 size 40 Howl #buckets 4 coarsen threshold 1843 Howl Bitmap #cards 512 size 80 coarsen threshold 460 Card regions per heap region 1 cards per card region 2048
 CPUs: 4 total, 4 available
 Memory: 10031M
 Large Page Support: Disabled
 NUMA Support: Disabled
 Compressed Oops: Enabled (32-bit)
 Heap Region Size: 1M
 Heap Min Capacity: 8M
 Heap Initial Capacity: 158M
 Heap Max Capacity: 2G
 Pre-touch: Disabled
 Parallel Workers: 4
 Concurrent Workers: 1
 Concurrent Refinement Workers: 4
 Periodic GC: Disabled
Heap:
 garbage-first heap   total 467968K, used 302592K [0x0000000080000000, 0x0000000100000000)
  region size 1024K, 42 young (43008K), 10 survivors (10240K)
 Metaspace       used 236136K, committed 238784K, reserved 1310720K
  class space    used 29704K, committed 30912K, reserved 1048576K
GC Heap History (20 events):
Event: 2088.722 GC heap before
{Heap before GC invocations=121 (full 0):
 garbage-first heap   total 421888K, used 373760K [0x0000000080000000, 0x0000000100000000)
  region size 1024K, 153 young (156672K), 19 survivors (19456K)
 Metaspace       used 216978K, committed 219008K, reserved 1245184K
  class space    used 27729K, committed 28736K, reserved 1048576K
}
Event: 2088.797 GC heap after
{Heap after GC invocations=122 (full 0):
 garbage-first heap   total 422912K, used 263680K [0x0000000080000000, 0x0000000100000000)
  region size 1024K, 20 young (20480K), 20 survivors (20480K)
 Metaspace       used 216978K, committed 219008K, reserved 1245184K
  class space    used 27729K, committed 28736K, reserved 1048576K
}
Event: 2092.554 GC heap before
{Heap before GC invocations=122 (full 0):
 garbage-first heap   total 422912K, used 379392K [0x0000000080000000, 0x0000000100000000)
  region size 1024K, 133 young (136192K), 20 survivors (20480K)
 Metaspace       used 219531K, committed 221568K, reserved 1245184K
  class space    used 27864K, committed 28864K, reserved 1048576K
}
Event: 2092.622 GC heap after
{Heap after GC invocations=123 (full 0):
 garbage-first heap   total 422912K, used 245760K [0x0000000080000000, 0x0000000100000000)
  region size 1024K, 14 young (14336K), 14 survivors (14336K)
 Metaspace       used 219531K, committed 221568K, reserved 1245184K
  class space    used 27864K, committed 28864K, reserved 1048576K
}
Event: 2092.949 GC heap before
{Heap before GC invocations=123 (full 0):
 garbage-first heap   total 422912K, used 250880K [0x0000000080000000, 0x0000000100000000)
  region size 1024K, 20 young (20480K), 14 survivors (14336K)
 Metaspace       used 219919K, committed 221952K, reserved 1245184K
  class space    used 27921K, committed 28928K, reserved 1048576K
}
Event: 2092.974 GC heap after
{Heap after GC invocations=124 (full 0):
 garbage-first heap   total 422912K, used 240640K [0x0000000080000000, 0x0000000100000000)
  region size 1024K, 2 young (2048K), 2 survivors (2048K)
 Metaspace       used 219919K, committed 221952K, reserved 1245184K
  class space    used 27921K, committed 28928K, reserved 1048576K
}
Event: 2097.105 GC heap before
{Heap before GC invocations=125 (full 0):
 garbage-first heap   total 427008K, used 386048K [0x0000000080000000, 0x0000000100000000)
  region size 1024K, 130 young (133120K), 2 survivors (2048K)
 Metaspace       used 223383K, committed 225536K, reserved 1245184K
  class space    used 28371K, committed 29440K, reserved 1048576K
}
Event: 2097.124 GC heap after
{Heap after GC invocations=126 (full 0):
 garbage-first heap   total 427008K, used 266240K [0x0000000080000000, 0x0000000100000000)
  region size 1024K, 12 young (12288K), 12 survivors (12288K)
 Metaspace       used 223383K, committed 225536K, reserved 1245184K
  class space    used 28371K, committed 29440K, reserved 1048576K
}
Event: 2100.265 GC heap before
{Heap before GC invocations=126 (full 0):
 garbage-first heap   total 427008K, used 387072K [0x0000000080000000, 0x0000000100000000)
  region size 1024K, 129 young (132096K), 12 survivors (12288K)
 Metaspace       used 225837K, committed 227968K, reserved 1310720K
  class space    used 28577K, committed 29632K, reserved 1048576K
}
Event: 2100.305 GC heap after
{Heap after GC invocations=127 (full 0):
 garbage-first heap   total 427008K, used 257536K [0x0000000080000000, 0x0000000100000000)
  region size 1024K, 8 young (8192K), 8 survivors (8192K)
 Metaspace       used 225837K, committed 227968K, reserved 1310720K
  class space    used 28577K, committed 29632K, reserved 1048576K
}
Event: 2105.691 GC heap before
{Heap before GC invocations=127 (full 0):
 garbage-first heap   total 427008K, used 383488K [0x0000000080000000, 0x0000000100000000)
  region size 1024K, 132 young (135168K), 8 survivors (8192K)
 Metaspace       used 233590K, committed 235776K, reserved 1310720K
  class space    used 29514K, committed 30592K, reserved 1048576K
}
Event: 2105.738 GC heap after
{Heap after GC invocations=128 (full 0):
 garbage-first heap   total 427008K, used 268288K [0x0000000080000000, 0x0000000100000000)
  region size 1024K, 17 young (17408K), 17 survivors (17408K)
 Metaspace       used 233590K, committed 235776K, reserved 1310720K
  class space    used 29514K, committed 30592K, reserved 1048576K
}
Event: 2380.350 GC heap before
{Heap before GC invocations=129 (full 0):
 garbage-first heap   total 439296K, used 380928K [0x0000000080000000, 0x0000000100000000)
  region size 1024K, 133 young (136192K), 17 survivors (17408K)
 Metaspace       used 236191K, committed 238400K, reserved 1310720K
  class space    used 29822K, committed 30912K, reserved 1048576K
}
Event: 2380.401 GC heap after
{Heap after GC invocations=130 (full 0):
 garbage-first heap   total 439296K, used 271872K [0x0000000080000000, 0x0000000100000000)
  region size 1024K, 9 young (9216K), 9 survivors (9216K)
 Metaspace       used 236191K, committed 238400K, reserved 1310720K
  class space    used 29822K, committed 30912K, reserved 1048576K
}
Event: 2390.939 GC heap before
{Heap before GC invocations=130 (full 0):
 garbage-first heap   total 439296K, used 400896K [0x0000000080000000, 0x0000000100000000)
  region size 1024K, 136 young (139264K), 9 survivors (9216K)
 Metaspace       used 236526K, committed 238720K, reserved 1310720K
  class space    used 29826K, committed 30912K, reserved 1048576K
}
Event: 2390.977 GC heap after
{Heap after GC invocations=131 (full 0):
 garbage-first heap   total 439296K, used 261957K [0x0000000080000000, 0x0000000100000000)
  region size 1024K, 14 young (14336K), 14 survivors (14336K)
 Metaspace       used 236526K, committed 238720K, reserved 1310720K
  class space    used 29826K, committed 30912K, reserved 1048576K
}
Event: 2392.240 GC heap before
{Heap before GC invocations=131 (full 0):
 garbage-first heap   total 439296K, used 293701K [0x0000000080000000, 0x0000000100000000)
  region size 1024K, 47 young (48128K), 14 survivors (14336K)
 Metaspace       used 236540K, committed 238720K, reserved 1310720K
  class space    used 29826K, committed 30912K, reserved 1048576K
}
Event: 2392.277 GC heap after
{Heap after GC invocations=132 (full 0):
 garbage-first heap   total 439296K, used 271360K [0x0000000080000000, 0x0000000100000000)
  region size 1024K, 10 young (10240K), 10 survivors (10240K)
 Metaspace       used 236540K, committed 238720K, reserved 1310720K
  class space    used 29826K, committed 30912K, reserved 1048576K
}
Event: 2399.342 GC heap before
{Heap before GC invocations=133 (full 0):
 garbage-first heap   total 467968K, used 410623K [0x0000000080000000, 0x0000000100000000)
  region size 1024K, 138 young (141312K), 10 survivors (10240K)
 Metaspace       used 236133K, committed 238784K, reserved 1310720K
  class space    used 29704K, committed 30912K, reserved 1048576K
}
Event: 2399.372 GC heap after
{Heap after GC invocations=134 (full 0):
 garbage-first heap   total 467968K, used 270848K [0x0000000080000000, 0x0000000100000000)
  region size 1024K, 10 young (10240K), 10 survivors (10240K)
 Metaspace       used 236133K, committed 238784K, reserved 1310720K
  class space    used 29704K, committed 30912K, reserved 1048576K
}

